This is pdfTeX, Version 3.1415926-2.4-1.40.13 (TeX Live 2012) (format=pdflatex 2012.6.30)  30 APR 2014 15:14
entering extended mode
 restricted \write18 enabled.
 %&-line parsing enabled.
**sig-alternate.tex
(./sig-alternate.tex
LaTeX2e <2011/06/27>
Babel <v3.8m> and hyphenation patterns for english, dumylang, nohyphenation, ge
rman-x-2012-05-30, ngerman-x-2012-05-30, afrikaans, ancientgreek, ibycus, arabi
c, armenian, basque, bulgarian, catalan, pinyin, coptic, croatian, czech, danis
h, dutch, ukenglish, usenglishmax, esperanto, estonian, ethiopic, farsi, finnis
h, french, friulan, galician, german, ngerman, swissgerman, monogreek, greek, h
ungarian, icelandic, assamese, bengali, gujarati, hindi, kannada, malayalam, ma
rathi, oriya, panjabi, tamil, telugu, indonesian, interlingua, irish, italian, 
kurmanji, latin, latvian, lithuanian, mongolian, mongolianlmc, bokmal, nynorsk,
 polish, portuguese, romanian, romansh, russian, sanskrit, serbian, serbianc, s
lovak, slovenian, spanish, swedish, turkish, turkmen, ukrainian, uppersorbian, 
welsh, loaded.
(./acm_proc_article-sp.cls
(/usr/local/texlive/2012/texmf-dist/tex/latex/graphics/epsfig.sty
Package: epsfig 1999/02/16 v1.7a (e)psfig emulation (SPQR)

(/usr/local/texlive/2012/texmf-dist/tex/latex/graphics/graphicx.sty
Package: graphicx 1999/02/16 v1.0f Enhanced LaTeX Graphics (DPC,SPQR)

(/usr/local/texlive/2012/texmf-dist/tex/latex/graphics/keyval.sty
Package: keyval 1999/03/16 v1.13 key=value parser (DPC)
\KV@toks@=\toks14
)
(/usr/local/texlive/2012/texmf-dist/tex/latex/graphics/graphics.sty
Package: graphics 2009/02/05 v1.0o Standard LaTeX Graphics (DPC,SPQR)

(/usr/local/texlive/2012/texmf-dist/tex/latex/graphics/trig.sty
Package: trig 1999/03/16 v1.09 sin cos tan (DPC)
)
(/usr/local/texlive/2012/texmf-dist/tex/latex/latexconfig/graphics.cfg
File: graphics.cfg 2010/04/23 v1.9 graphics configuration of TeX Live
)
Package graphics Info: Driver file: pdftex.def on input line 91.

(/usr/local/texlive/2012/texmf-dist/tex/latex/pdftex-def/pdftex.def
File: pdftex.def 2011/05/27 v0.06d Graphics/color for pdfTeX

(/usr/local/texlive/2012/texmf-dist/tex/generic/oberdiek/infwarerr.sty
Package: infwarerr 2010/04/08 v1.3 Providing info/warning/error messages (HO)
)
(/usr/local/texlive/2012/texmf-dist/tex/generic/oberdiek/ltxcmds.sty
Package: ltxcmds 2011/11/09 v1.22 LaTeX kernel commands for general use (HO)
)
\Gread@gobject=\count79
))
\Gin@req@height=\dimen102
\Gin@req@width=\dimen103
)
\epsfxsize=\dimen104
\epsfysize=\dimen105
)
(/usr/local/texlive/2012/texmf-dist/tex/latex/amsfonts/amssymb.sty
Package: amssymb 2009/06/22 v3.00

(/usr/local/texlive/2012/texmf-dist/tex/latex/amsfonts/amsfonts.sty
Package: amsfonts 2009/06/22 v3.00 Basic AMSFonts support
\@emptytoks=\toks15
\symAMSa=\mathgroup4
\symAMSb=\mathgroup5
LaTeX Font Info:    Overwriting math alphabet `\mathfrak' in version `bold'
(Font)                  U/euf/m/n --> U/euf/b/n on input line 96.
))
(/usr/local/texlive/2012/texmf-dist/tex/latex/amsmath/amsmath.sty
Package: amsmath 2000/07/18 v2.13 AMS math features
\@mathmargin=\skip41

For additional information on amsmath, use the `?' option.
(/usr/local/texlive/2012/texmf-dist/tex/latex/amsmath/amstext.sty
Package: amstext 2000/06/29 v2.01

(/usr/local/texlive/2012/texmf-dist/tex/latex/amsmath/amsgen.sty
File: amsgen.sty 1999/11/30 v2.0
\@emptytoks=\toks16
\ex@=\dimen106
))
(/usr/local/texlive/2012/texmf-dist/tex/latex/amsmath/amsbsy.sty
Package: amsbsy 1999/11/29 v1.2d
\pmbraise@=\dimen107
)
(/usr/local/texlive/2012/texmf-dist/tex/latex/amsmath/amsopn.sty
Package: amsopn 1999/12/14 v2.01 operator names
)
\inf@bad=\count80
LaTeX Info: Redefining \frac on input line 211.
\uproot@=\count81
\leftroot@=\count82
LaTeX Info: Redefining \overline on input line 307.
\classnum@=\count83
\DOTSCASE@=\count84
LaTeX Info: Redefining \ldots on input line 379.
LaTeX Info: Redefining \dots on input line 382.
LaTeX Info: Redefining \cdots on input line 467.
\Mathstrutbox@=\box26
\strutbox@=\box27
\big@size=\dimen108
LaTeX Font Info:    Redeclaring font encoding OML on input line 567.
LaTeX Font Info:    Redeclaring font encoding OMS on input line 568.
\macc@depth=\count85
\c@MaxMatrixCols=\count86
\dotsspace@=\muskip10
\c@parentequation=\count87
\dspbrk@lvl=\count88
\tag@help=\toks17
\row@=\count89
\column@=\count90
\maxfields@=\count91
\andhelp@=\toks18
\eqnshift@=\dimen109
\alignsep@=\dimen110
\tagshift@=\dimen111
\tagwidth@=\dimen112
\totwidth@=\dimen113
\lineht@=\dimen114
\@envbody=\toks19
\multlinegap=\skip42
\multlinetaggap=\skip43
\mathdisplay@stack=\toks20
LaTeX Info: Redefining \[ on input line 2666.
LaTeX Info: Redefining \] on input line 2667.
)
Document Class 'acm_proc_article-sp' <22nd. April '09>. Modified by G.K.M. Tobi
n
Based in part upon document Style `acmconf' <22 May 89>. Hacked 4/91 by
shivers@cs.cmu.edu, 4/93 by theobald@cs.mcgill.ca
Excerpts were taken from (Journal Style) 'esub2acm.cls'.
****** Bugs/comments/suggestions to Gerry Murray -- murray@hq.acm.org ******
\footheight=\dimen115
\@maxsep=\dimen116
\@dblmaxsep=\dimen117
\aucount=\count92
\originalaucount=\count93
\auwidth=\dimen118
\auskip=\dimen119
\auskipcount=\count94
\auskip=\dimen120
\allauboxes=\dimen121
\addauthors=\toks21
\addauflag=\count95
\subtitletext=\toks22
\savesection=\count96
\sectioncntr=\count97
\c@figure=\count98
\c@table=\count99
\titleboxnotes=\toks23
\titleboxnoteflag=\count100
Document Class: acm_proc_article-sp 2009/04/22 - V3.2SP - based on esub2acm.sty
 <23 April 96>
(/usr/local/texlive/2012/texmf-dist/tex/latex/base/latexsym.sty
Package: latexsym 1998/08/17 v2.2e Standard LaTeX package (lasy symbols)
\symlasy=\mathgroup6
LaTeX Font Info:    Overwriting symbol font `lasy' in version `bold'
(Font)                  U/lasy/m/n --> U/lasy/b/n on input line 47.
)
\@acmtitlebox=\box28
\titlenotecount=\count101
\tntoks=\toks24
\tntokstwo=\toks25
\tntoksthree=\toks26
\tntoksfour=\toks27
\tntoksfive=\toks28
\catcount=\count102
\copyrightnotice=\toks29
\conf=\toks30
\confinfo=\toks31
\c@part=\count103
\c@section=\count104
\c@subsection=\count105
\c@subsubsection=\count106
\c@paragraph=\count107

Using 'Abbrev' bibliography style
LaTeX Info: Redefining \cite on input line 1236.
\bibindent=\dimen122
\colcntr=\count108
\saveb@x=\box29
\copyrtyr=\toks32
\acmcopyr=\toks33
\boilerplate=\toks34
\copyrightetc=\toks35
(/usr/local/texlive/2012/texmf-dist/tex/latex/base/fontenc.sty
Package: fontenc 2005/09/27 v1.99g Standard LaTeX package

(/usr/local/texlive/2012/texmf-dist/tex/latex/base/t1enc.def
File: t1enc.def 2005/09/27 v1.99g Standard LaTeX file
LaTeX Font Info:    Redeclaring font encoding T1 on input line 43.
)
LaTeX Font Info:    Try loading font information for T1+aer on input line 100.

(/usr/local/texlive/2012/texmf-dist/tex/latex/ae/t1aer.fd
File: t1aer.fd 1997/11/16 Font definitions for T1/aer.
)))
(/usr/local/texlive/2012/texmf-dist/tex/latex/enumitem/enumitem.sty
Package: enumitem 2011/09/28 v3.5.2 Customized lists
\labelindent=\skip44
\enit@outerparindent=\dimen123
\enit@toks=\toks36
\enit@inbox=\box30
\enitdp@description=\count109
)
(/usr/local/texlive/2012/texmf-dist/tex/latex/preprint/balance.sty
Package: balance 1999/02/23 4.3 (PWD)
\oldvsize=\dimen124
)
(./sig-alternate.aux)
\openout1 = `sig-alternate.aux'.

LaTeX Font Info:    Checking defaults for OML/cmm/m/it on input line 37.
LaTeX Font Info:    ... okay on input line 37.
LaTeX Font Info:    Checking defaults for T1/cmr/m/n on input line 37.
LaTeX Font Info:    ... okay on input line 37.
LaTeX Font Info:    Checking defaults for OT1/cmr/m/n on input line 37.
LaTeX Font Info:    ... okay on input line 37.
LaTeX Font Info:    Checking defaults for OMS/cmsy/m/n on input line 37.
LaTeX Font Info:    ... okay on input line 37.
LaTeX Font Info:    Checking defaults for OMX/cmex/m/n on input line 37.
LaTeX Font Info:    ... okay on input line 37.
LaTeX Font Info:    Checking defaults for U/cmr/m/n on input line 37.
LaTeX Font Info:    ... okay on input line 37.

(/usr/local/texlive/2012/texmf-dist/tex/context/base/supp-pdf.mkii
[Loading MPS to PDF converter (version 2006.09.02).]
\scratchcounter=\count110
\scratchdimen=\dimen125
\scratchbox=\box31
\nofMPsegments=\count111
\nofMParguments=\count112
\everyMPshowfont=\toks37
\MPscratchCnt=\count113
\MPscratchDim=\dimen126
\MPnumerator=\count114
\makeMPintoPDFobject=\count115
\everyMPtoPDFconversion=\toks38
) (/usr/local/texlive/2012/texmf-dist/tex/generic/oberdiek/pdftexcmds.sty
Package: pdftexcmds 2011/11/29 v0.20 Utility functions of pdfTeX for LuaTeX (HO
)

(/usr/local/texlive/2012/texmf-dist/tex/generic/oberdiek/ifluatex.sty
Package: ifluatex 2010/03/01 v1.3 Provides the ifluatex switch (HO)
Package ifluatex Info: LuaTeX not detected.
)
(/usr/local/texlive/2012/texmf-dist/tex/generic/oberdiek/ifpdf.sty
Package: ifpdf 2011/01/30 v2.3 Provides the ifpdf switch (HO)
Package ifpdf Info: pdfTeX in PDF mode is detected.
)
Package pdftexcmds Info: LuaTeX not detected.
Package pdftexcmds Info: \pdf@primitive is available.
Package pdftexcmds Info: \pdf@ifprimitive is available.
Package pdftexcmds Info: \pdfdraftmode found.
)
(/usr/local/texlive/2012/texmf-dist/tex/latex/oberdiek/epstopdf-base.sty
Package: epstopdf-base 2010/02/09 v2.5 Base part for package epstopdf

(/usr/local/texlive/2012/texmf-dist/tex/latex/oberdiek/grfext.sty
Package: grfext 2010/08/19 v1.1 Manage graphics extensions (HO)

(/usr/local/texlive/2012/texmf-dist/tex/generic/oberdiek/kvdefinekeys.sty
Package: kvdefinekeys 2011/04/07 v1.3 Define keys (HO)
))
(/usr/local/texlive/2012/texmf-dist/tex/latex/oberdiek/kvoptions.sty
Package: kvoptions 2011/06/30 v3.11 Key value format for package options (HO)

(/usr/local/texlive/2012/texmf-dist/tex/generic/oberdiek/kvsetkeys.sty
Package: kvsetkeys 2012/04/25 v1.16 Key value parser (HO)

(/usr/local/texlive/2012/texmf-dist/tex/generic/oberdiek/etexcmds.sty
Package: etexcmds 2011/02/16 v1.5 Avoid name clashes with e-TeX commands (HO)
Package etexcmds Info: Could not find \expanded.
(etexcmds)             That can mean that you are not using pdfTeX 1.50 or
(etexcmds)             that some package has redefined \expanded.
(etexcmds)             In the latter case, load this package earlier.
)))
Package grfext Info: Graphics extension search list:
(grfext)             [.png,.pdf,.jpg,.mps,.jpeg,.jbig2,.jb2,.PNG,.PDF,.JPG,.JPE
G,.JBIG2,.JB2,.eps]
(grfext)             \AppendGraphicsExtensions on input line 452.

(/usr/local/texlive/2012/texmf-dist/tex/latex/latexconfig/epstopdf-sys.cfg
File: epstopdf-sys.cfg 2010/07/13 v1.3 Configuration of (r)epstopdf for TeX Liv
e
))
LaTeX Font Info:    Try loading font information for U+msa on input line 112.

(/usr/local/texlive/2012/texmf-dist/tex/latex/amsfonts/umsa.fd
File: umsa.fd 2009/06/22 v3.00 AMS symbols A
)
LaTeX Font Info:    Try loading font information for U+msb on input line 112.

(/usr/local/texlive/2012/texmf-dist/tex/latex/amsfonts/umsb.fd
File: umsb.fd 2009/06/22 v3.00 AMS symbols B
)
LaTeX Font Info:    Try loading font information for U+lasy on input line 112.

(/usr/local/texlive/2012/texmf-dist/tex/latex/base/ulasy.fd
File: ulasy.fd 1998/08/17 v2.2e LaTeX symbol font definitions
)
Overfull \hbox (6.31839pt too wide) in paragraph at lines 112--112
 []\eaddfnt pkushiqian@neo.tamu.edu| 
 []

[1{/usr/local/texlive/2012/texmf-var/fonts/map/pdftex/updmap/pdftex.map}


]
<images/overall_structure.pdf, id=10, 650.43pt x 362.35374pt>
File: images/overall_structure.pdf Graphic file (type pdf)

<use images/overall_structure.pdf>
Package pdftex.def Info: images/overall_structure.pdf used on input line 160.
(pdftex.def)             Requested size: 240.0pt x 133.70386pt.
 [2 <./images/overall_structure.pdf>]
[3]
Overfull \hbox (1.11423pt too wide) in paragraph at lines 221--223
\T1/aer/m/n/9 how the var-i-ous meth-ods of rep-re-sent-ing ques-tions per-form
ed
 []

<images/Python_all-toprank-medians_plot.pdf, id=82, 578.16pt x 433.62pt>
File: images/Python_all-toprank-medians_plot.pdf Graphic file (type pdf)

<use images/Python_all-toprank-medians_plot.pdf>
Package pdftex.def Info: images/Python_all-toprank-medians_plot.pdf used on inp
ut line 230.
(pdftex.def)             Requested size: 177.41304pt x 133.0578pt.

Overfull \hbox (16.12935pt too wide) in paragraph at lines 230--231
[][] 
 []

<images/English_all-toprank-medians_plot.pdf, id=83, 578.16pt x 433.62pt>
File: images/English_all-toprank-medians_plot.pdf Graphic file (type pdf)

<use images/English_all-toprank-medians_plot.pdf>
Package pdftex.def Info: images/English_all-toprank-medians_plot.pdf used on in
put line 233.
(pdftex.def)             Requested size: 177.41304pt x 133.0578pt.

Overfull \hbox (16.12935pt too wide) in paragraph at lines 233--234
[][] 
 []

<images/Combined_all-toprank-medians_plot.pdf, id=84, 578.16pt x 433.62pt>
File: images/Combined_all-toprank-medians_plot.pdf Graphic file (type pdf)

<use images/Combined_all-toprank-medians_plot.pdf>
Package pdftex.def Info: images/Combined_all-toprank-medians_plot.pdf used on i
nput line 236.
(pdftex.def)             Requested size: 177.41304pt x 133.0578pt.

Overfull \hbox (16.12935pt too wide) in paragraph at lines 236--237
[][] 
 []

<images/all-means-by-dataset_plot.pdf, id=85, 578.16pt x 433.62pt>
File: images/all-means-by-dataset_plot.pdf Graphic file (type pdf)

<use images/all-means-by-dataset_plot.pdf>
Package pdftex.def Info: images/all-means-by-dataset_plot.pdf used on input lin
e 251.
(pdftex.def)             Requested size: 240.0pt x 179.99525pt.


LaTeX Warning: `h' float specifier changed to `ht'.

<images/all-percent@rank1-by-dataset_plot.pdf, id=86, 578.16pt x 433.62pt>
File: images/all-percent@rank1-by-dataset_plot.pdf Graphic file (type pdf)

<use images/all-percent@rank1-by-dataset_plot.pdf>
Package pdftex.def Info: images/all-percent@rank1-by-dataset_plot.pdf used on i
nput line 261.
(pdftex.def)             Requested size: 240.0pt x 179.99525pt.


LaTeX Warning: `h' float specifier changed to `ht'.

<images/all-median-topRanks-by-dataset_plot.pdf, id=87, 578.16pt x 433.62pt>
File: images/all-median-topRanks-by-dataset_plot.pdf Graphic file (type pdf)

<use images/all-median-topRanks-by-dataset_plot.pdf>
Package pdftex.def Info: images/all-median-topRanks-by-dataset_plot.pdf used on
 input line 270.
(pdftex.def)             Requested size: 240.0pt x 179.99525pt.

Underfull \hbox (badness 1325) in paragraph at lines 271--271
\T1/aer/bx/n/9 datasets and vec-tor-iz-ers for Ti-tle+Body scope.
 []


LaTeX Warning: `h' float specifier changed to `ht'.


Overfull \hbox (3.28145pt too wide) in paragraph at lines 275--276
\T1/aer/m/n/9 this may have in-creased per-for-mance for [7], in-creased weight
-
 []


Overfull \vbox (6.81229pt too high) has occurred while \output is active []


[4 <./images/Python_all-toprank-medians_plot.pdf> <./images/English_all-toprank
-medians_plot.pdf

pdfTeX warning: /usr/local/texlive/2012/bin/universal-darwin/pdflatex (file ./i
mages/English_all-toprank-medians_plot.pdf): PDF inclusion: multiple pdfs with 
page group included in a single page
> <./images/Combined_all-toprank-medians_plot.pdf

pdfTeX warning: /usr/local/texlive/2012/bin/universal-darwin/pdflatex (file ./i
mages/Combined_all-toprank-medians_plot.pdf): PDF inclusion: multiple pdfs with
 page group included in a single page
> <./images/all-means-by-dataset_plot.pdf

pdfTeX warning: /usr/local/texlive/2012/bin/universal-darwin/pdflatex (file ./i
mages/all-means-by-dataset_plot.pdf): PDF inclusion: multiple pdfs with page gr
oup included in a single page
>] (./sig-alternate.bbl)
Overfull \vbox (1.11824pt too high) has occurred while \output is active []


[5 <./images/all-percent@rank1-by-dataset_plot.pdf> <./images/all-median-topRan
ks-by-dataset_plot.pdf

pdfTeX warning: /usr/local/texlive/2012/bin/universal-darwin/pdflatex (file ./i
mages/all-median-topRanks-by-dataset_plot.pdf): PDF inclusion: multiple pdfs wi
th page group included in a single page
>] (./sig-alternate.aux) ) 
Here is how much of TeX's memory you used:
 3112 strings out of 493488
 42024 string characters out of 3141326
 109815 words of memory out of 3000000
 6337 multiletter control sequences out of 15000+200000
 48451 words of font info for 65 fonts, out of 3000000 for 9000
 957 hyphenation exceptions out of 8191
 41i,10n,26p,1167b,276s stack positions out of 5000i,500n,10000p,200000b,50000s
{/usr/local/texlive/2012/texmf-dist/fonts/enc/dvips/b
ase/8r.enc}</usr/local/texlive/2012/texmf-dist/fonts/type1/public/amsfonts/cm/c
mbx9.pfb></usr/local/texlive/2012/texmf-dist/fonts/type1/public/amsfonts/cm/cmm
i9.pfb></usr/local/texlive/2012/texmf-dist/fonts/type1/public/amsfonts/cm/cmr9.
pfb></usr/local/texlive/2012/texmf-dist/fonts/type1/public/amsfonts/cm/cmsy9.pf
b></usr/local/texlive/2012/texmf-dist/fonts/type1/public/amsfonts/cm/cmti9.pfb>
</usr/local/texlive/2012/texmf-dist/fonts/type1/urw/helvetic/uhvb8a.pfb></usr/l
ocal/texlive/2012/texmf-dist/fonts/type1/urw/helvetic/uhvr8a.pfb></usr/local/te
xlive/2012/texmf-dist/fonts/type1/urw/times/utmb8a.pfb></usr/local/texlive/2012
/texmf-dist/fonts/type1/urw/times/utmri8a.pfb>
Output written on sig-alternate.pdf (5 pages, 269707 bytes).
PDF statistics:
 433 PDF objects out of 1000 (max. 8388607)
 108 compressed objects within 2 object streams
 0 named destinations out of 1000 (max. 500000)
 36 words of extra memory for PDF output out of 10000 (max. 10000000)

